[debug] [2023-06-12T06:39:21.837Z] ----------------------------------------------------------------------
[debug] [2023-06-12T06:39:21.839Z] Command:       C:\Program Files\nodejs\node.exe C:\Users\yasir\AppData\Roaming\npm\node_modules\firebase-tools\lib\bin\firebase.js init
[debug] [2023-06-12T06:39:21.840Z] CLI Version:   11.25.3
[debug] [2023-06-12T06:39:21.840Z] Platform:      win32
[debug] [2023-06-12T06:39:21.840Z] Node Version:  v16.13.2
[debug] [2023-06-12T06:39:21.841Z] Time:          Mon Jun 12 2023 07:39:21 GMT+0100 (British Summer Time)
[debug] [2023-06-12T06:39:21.842Z] ----------------------------------------------------------------------
[debug] 
[debug] [2023-06-12T06:39:21.856Z] >>> [apiv2][query] GET https://firebase-public.firebaseio.com/cli.json [none]
[debug] [2023-06-12T06:39:21.882Z] > command requires scopes: ["email","openid","https://www.googleapis.com/auth/cloudplatformprojects.readonly","https://www.googleapis.com/auth/firebase","https://www.googleapis.com/auth/cloud-platform"]
[debug] [2023-06-12T06:39:21.883Z] > authorizing via signed-in user (yasirkhan6499@gmail.com)
[info] 
     ######## #### ########  ######## ########     ###     ######  ########
     ##        ##  ##     ## ##       ##     ##  ##   ##  ##       ##
     ######    ##  ########  ######   ########  #########  ######  ######
     ##        ##  ##    ##  ##       ##     ## ##     ##       ## ##
     ##       #### ##     ## ######## ########  ##     ##  ######  ########

You're about to initialize a Firebase project in this directory:

  D:\Research-1\Web Development\React\React Projects\gamesrating

[debug] [2023-06-12T06:39:22.170Z] <<< [apiv2][status] GET https://firebase-public.firebaseio.com/cli.json 200
[debug] [2023-06-12T06:39:22.171Z] <<< [apiv2][body] GET https://firebase-public.firebaseio.com/cli.json {"cloudBuildErrorAfter":1594252800000,"cloudBuildWarnAfter":1590019200000,"defaultNode10After":1594252800000,"minVersion":"3.0.5","node8DeploysDisabledAfter":1613390400000,"node8RuntimeDisabledAfter":1615809600000,"node8WarnAfter":1600128000000}
[info] 
=== Project Setup
[info] 
[info] First, let's associate this project directory with a Firebase project.
[info] You can create multiple project aliases by running firebase use --add, 
[info] but for now we'll just set up a default project.
[info] 
[debug] [2023-06-12T06:41:00.826Z] > refreshing access token with scopes: []
[debug] [2023-06-12T06:41:00.828Z] >>> [apiv2][query] POST https://www.googleapis.com/oauth2/v3/token [none]
[debug] [2023-06-12T06:41:00.828Z] >>> [apiv2][body] POST https://www.googleapis.com/oauth2/v3/token [omitted]
[debug] [2023-06-12T06:41:00.957Z] <<< [apiv2][status] POST https://www.googleapis.com/oauth2/v3/token 200
[debug] [2023-06-12T06:41:00.957Z] <<< [apiv2][body] POST https://www.googleapis.com/oauth2/v3/token [omitted]
[debug] [2023-06-12T06:41:00.977Z] >>> [apiv2][query] GET https://firebase.googleapis.com/v1beta1/projects pageSize=100
[debug] [2023-06-12T06:41:01.438Z] <<< [apiv2][status] GET https://firebase.googleapis.com/v1beta1/projects 200
[debug] [2023-06-12T06:41:01.438Z] <<< [apiv2][body] GET https://firebase.googleapis.com/v1beta1/projects [omitted]
[info] i  Using project gamesratingbypublic (GamesRatingByPublic) 
[info] 
=== Hosting Setup
[info] 
[info] Your public directory is the folder (relative to your project directory) that
[info] will contain Hosting assets to be uploaded with firebase deploy. If you
[info] have a build process for your assets, use your build's output directory.
[info] 
[info] +  Wrote public/404.html 
[debug] [2023-06-12T06:42:25.944Z] >>> [apiv2][query] GET https://www.gstatic.com/firebasejs/releases.json [none]
[debug] [2023-06-12T06:42:26.047Z] <<< [apiv2][status] GET https://www.gstatic.com/firebasejs/releases.json 200
[debug] [2023-06-12T06:42:26.048Z] <<< [apiv2][body] GET https://www.gstatic.com/firebasejs/releases.json {"current":{"version":"9.22.2","browserURL":"https://www.gstatic.com/firebasejs/9.22.2/firebase.js","packageURL":"https://www.gstatic.com/firebasejs/9.22.2/firebase.tgz"},"live":{"version":"9.22","browserURL":"https://www.gstatic.com/firebasejs/live/9.22/firebase.js","packageURL":"https://www.gstatic.com/firebasejs/live/9.22/firebase.tgz"},"components":{"analytics":"https://www.gstatic.com/firebasejs/9.22.2/firebase-analytics.js","app":"https://www.gstatic.com/firebasejs/9.22.2/firebase-app.js","app-check":"https://www.gstatic.com/firebasejs/9.22.2/firebase-app-check.js","auth":"https://www.gstatic.com/firebasejs/9.22.2/firebase-auth.js","auth/cordova":"https://www.gstatic.com/firebasejs/9.22.2/firebase-auth/cordova.js","auth/react-native":"https://www.gstatic.com/firebasejs/9.22.2/firebase-auth/react-native.js","functions":"https://www.gstatic.com/firebasejs/9.22.2/firebase-functions.js","firestore":"https://www.gstatic.com/firebasejs/9.22.2/firebase-firestore.js","firestore/lite":"https://www.gstatic.com/firebasejs/9.22.2/firebase-firestore/lite.js","installations":"https://www.gstatic.com/firebasejs/9.22.2/firebase-installations.js","storage":"https://www.gstatic.com/firebasejs/9.22.2/firebase-storage.js","performance":"https://www.gstatic.com/firebasejs/9.22.2/firebase-performance.js","remote-config":"https://www.gstatic.com/firebasejs/9.22.2/firebase-remote-config.js","messaging":"https://www.gstatic.com/firebasejs/9.22.2/firebase-messaging.js","messaging/sw":"https://www.gstatic.com/firebasejs/9.22.2/firebase-messaging/sw.js","database":"https://www.gstatic.com/firebasejs/9.22.2/firebase-database.js","firestore.memory":"https://www.gstatic.com/firebasejs/9.22.2/firebase-firestore.memory.js"}}
[info] i  Skipping write of public/index.html 
[info] 
[info] i  Detected a .git folder at D:\Research-1\Web Development\React\React Projects\gamesrating 
[info] i  Authorizing with GitHub to upload your service account to a GitHub repository's secrets store. 
[info] 
[info] Visit this URL on this device to log in:
[info] https://github.com/login/oauth/authorize?client_id=89cf50f02ac6aaed3484&state=644619605&redirect_uri=http%3A%2F%2Flocalhost%3A9005&scope=read%3Auser%20repo%20public_repo
[info] 
[info] Waiting for authentication...
[debug] [2023-06-12T06:42:40.594Z] >>> [apiv2][query] POST https://github.com/login/oauth/access_token [none]
[debug] [2023-06-12T06:42:40.594Z] >>> [apiv2][body] POST https://github.com/login/oauth/access_token [stream]
[debug] [2023-06-12T06:42:40.887Z] <<< [apiv2][status] POST https://github.com/login/oauth/access_token 200
[debug] [2023-06-12T06:42:40.887Z] <<< [apiv2][body] POST https://github.com/login/oauth/access_token {"access_token":"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","token_type":"bearer","scope":"read:user,repo"}
[debug] [2023-06-12T06:42:40.903Z] >>> [apiv2][query] GET https://api.github.com/user [none]
[debug] [2023-06-12T06:42:41.226Z] <<< [apiv2][status] GET https://api.github.com/user 200
[debug] [2023-06-12T06:42:41.226Z] <<< [apiv2][body] GET https://api.github.com/user {"login":"Yasirkhan6499","id":98141932,"node_id":"U_kgDOBdmG7A","avatar_url":"https://avatars.githubusercontent.com/u/98141932?v=4","gravatar_id":"","url":"https://api.github.com/users/Yasirkhan6499","html_url":"https://github.com/Yasirkhan6499","followers_url":"https://api.github.com/users/Yasirkhan6499/followers","following_url":"https://api.github.com/users/Yasirkhan6499/following{/other_user}","gists_url":"https://api.github.com/users/Yasirkhan6499/gists{/gist_id}","starred_url":"https://api.github.com/users/Yasirkhan6499/starred{/owner}{/repo}","subscriptions_url":"https://api.github.com/users/Yasirkhan6499/subscriptions","organizations_url":"https://api.github.com/users/Yasirkhan6499/orgs","repos_url":"https://api.github.com/users/Yasirkhan6499/repos","events_url":"https://api.github.com/users/Yasirkhan6499/events{/privacy}","received_events_url":"https://api.github.com/users/Yasirkhan6499/received_events","type":"User","site_admin":false,"name":null,"company":null,"blog":"","location":null,"email":null,"hireable":null,"bio":null,"twitter_username":null,"public_repos":17,"public_gists":0,"followers":0,"following":0,"created_at":"2022-01-21T04:39:09Z","updated_at":"2023-06-06T02:16:45Z","private_gists":0,"total_private_repos":1,"owned_private_repos":1,"disk_usage":89858,"collaborators":0,"two_factor_authentication":false,"plan":{"name":"free","space":976562499,"collaborators":0,"private_repos":10000}}
[info] 
[info] +  Success! Logged into GitHub as Yasirkhan6499 
[info] 
